<?xml version="1.0" encoding="utf-8"?><testsuites name="pytest tests"><testsuite name="pytest" errors="0" failures="0" skipped="0" tests="13" time="4.218" timestamp="2026-04-18T10:28:05.102584+00:00" hostname="agent-env-b033fb53-ad37-498c-b592-4ffaf57378ff"><testcase classname="backend.tests.test_api.TestHealthEndpoint" name="test_api_root_returns_welcome_message" time="0.287" /><testcase classname="backend.tests.test_api.TestContactEndpoint" name="test_create_contact_with_required_fields" time="0.281" /><testcase classname="backend.tests.test_api.TestContactEndpoint" name="test_create_contact_with_optional_fields" time="0.174" /><testcase classname="backend.tests.test_api.TestContactEndpoint" name="test_list_contacts_returns_list" time="0.659" /><testcase classname="backend.tests.test_api.TestContactEndpoint" name="test_contact_invalid_email_returns_422" time="0.255" /><testcase classname="backend.tests.test_api.TestContactEndpoint" name="test_contact_missing_required_fields_returns_422" time="0.904" /><testcase classname="backend.tests.test_api.TestQuoteEndpoint" name="test_create_quote_with_required_fields" time="0.117" /><testcase classname="backend.tests.test_api.TestQuoteEndpoint" name="test_create_quote_with_optional_fields" time="0.183" /><testcase classname="backend.tests.test_api.TestQuoteEndpoint" name="test_list_quotes_returns_list" time="0.123" /><testcase classname="backend.tests.test_api.TestQuoteEndpoint" name="test_quote_invalid_email_returns_422" time="0.114" /><testcase classname="backend.tests.test_api.TestQuoteEndpoint" name="test_quote_missing_required_fields_returns_422" time="0.444" /><testcase classname="backend.tests.test_api.TestDataPersistence" name="test_contact_persists_in_database" time="0.217" /><testcase classname="backend.tests.test_api.TestDataPersistence" name="test_quote_persists_in_database" time="0.211" /></testsuite></testsuites>